This file contains any messages produced by compilers while
running configure, to aid debugging if configure makes a mistake.

It was created by sphinxbase configure 5prealpha, which was
generated by GNU Autoconf 2.69.  Invocation command line was

  $ ./configure --prefix=/nfs/2017/p/pstringe/Documents/42/projects/KIFT/includes

## --------- ##
## Platform. ##
## --------- ##

hostname = e1z3r4p3.42.us.org
uname -m = x86_64
uname -r = 17.4.0
uname -s = Darwin
uname -v = Darwin Kernel Version 17.4.0: Sun Dec 17 09:19:54 PST 2017; root:xnu-4570.41.2~1/RELEASE_X86_64

/usr/bin/uname -p = i386
/bin/uname -X     = unknown

/bin/arch              = unknown
/usr/bin/arch -k       = unknown
/usr/convex/getsysinfo = unknown
/usr/bin/hostinfo      = Mach kernel version:
	 Darwin Kernel Version 17.4.0: Sun Dec 17 09:19:54 PST 2017; root:xnu-4570.41.2~1/RELEASE_X86_64
Kernel configured for up to 4 processors.
4 processors are physically available.
4 processors are logically available.
Processor type: x86_64h (Intel x86-64h Haswell)
Processors active: 0 1 2 3
Primary memory available: 8.00 gigabytes
Default processor set: 357 tasks, 1486 threads, 4 processors
Load average: 7.38, Mach factor: 0.49
/bin/machine           = unknown
/usr/bin/oslevel       = unknown
/bin/universe          = unknown

PATH: /nfs/2017/p/pstringe/.gem/ruby/2.0.0/bin
PATH: /nfs/2017/p/pstringe/.brew/bin
PATH: /usr/local/bin
PATH: /usr/bin
PATH: /bin
PATH: /usr/sbin
PATH: /sbin
PATH: /opt/X11/bin
PATH: /Library/Frameworks/Mono.framework/Versions/Current/Commands
PATH: /usr/local/munki


## ----------- ##
## Core tests. ##
## ----------- ##

configure:2544: checking for a BSD-compatible install
configure:2612: result: /usr/bin/install -c
configure:2623: checking whether build environment is sane
configure:2678: result: yes
configure:2829: checking for a thread-safe mkdir -p
configure:2868: result: ./install-sh -c -d
configure:2875: checking for gawk
configure:2905: result: no
configure:2875: checking for mawk
configure:2905: result: no
configure:2875: checking for nawk
configure:2905: result: no
configure:2875: checking for awk
configure:2891: found /usr/bin/awk
configure:2902: result: awk
configure:2913: checking whether make sets $(MAKE)
configure:2935: result: yes
configure:2964: checking whether make supports nested variables
configure:2981: result: yes
configure:3106: checking build system type
configure:3120: result: x86_64-apple-darwin17.4.0
configure:3140: checking host system type
configure:3153: result: x86_64-apple-darwin17.4.0
configure:3177: checking whether make supports the include directive
configure:3192: make -f confmf.GNU && cat confinc.out
this is the am__doit target
configure:3195: $? = 0
configure:3214: result: yes (GNU style)
configure:3284: checking for gcc
configure:3300: found /usr/bin/gcc
configure:3311: result: gcc
configure:3540: checking for C compiler version
configure:3549: gcc --version >&5
Apple LLVM version 9.1.0 (clang-902.0.39.1)
Target: x86_64-apple-darwin17.4.0
Thread model: posix
InstalledDir: /Library/Developer/CommandLineTools/usr/bin
Configured with: --prefix=/Library/Developer/CommandLineTools/usr --with-gxx-include-dir=/usr/include/c++/4.2.1
configure:3560: $? = 0
configure:3549: gcc -v >&5
Configured with: --prefix=/Library/Developer/CommandLineTools/usr --with-gxx-include-dir=/usr/include/c++/4.2.1
Apple LLVM version 9.1.0 (clang-902.0.39.1)
Target: x86_64-apple-darwin17.4.0
Thread model: posix
InstalledDir: /Library/Developer/CommandLineTools/usr/bin
configure:3560: $? = 0
configure:3549: gcc -V >&5
clang: error: argument to '-V' is missing (expected 1 value)
clang: error: no input files
configure:3560: $? = 1
configure:3549: gcc -qversion >&5
clang: error: unknown argument: '-qversion'
clang: error: no input files
configure:3560: $? = 1
configure:3580: checking whether the C compiler works
configure:3602: gcc -g -O2 -Wall   conftest.c  >&5
configure:3606: $? = 0
configure:3654: result: yes
configure:3657: checking for C compiler default output file name
configure:3659: result: a.out
configure:3665: checking for suffix of executables
configure:3672: gcc -o conftest -g -O2 -Wall   conftest.c  >&5
configure:3676: $? = 0
configure:3698: result: 
configure:3720: checking whether we are cross compiling
configure:3728: gcc -o conftest -g -O2 -Wall   conftest.c  >&5
configure:3732: $? = 0
configure:3739: ./conftest
configure:3743: $? = 0
configure:3758: result: no
configure:3763: checking for suffix of object files
configure:3785: gcc -c -g -O2 -Wall  conftest.c >&5
configure:3789: $? = 0
configure:3810: result: o
configure:3814: checking whether we are using the GNU C compiler
configure:3833: gcc -c -g -O2 -Wall  conftest.c >&5
configure:3833: $? = 0
configure:3842: result: yes
configure:3851: checking whether gcc accepts -g
configure:3871: gcc -c -g  conftest.c >&5
configure:3871: $? = 0
configure:3912: result: yes
configure:3929: checking for gcc option to accept ISO C89
configure:3992: gcc  -c -g -O2 -Wall  conftest.c >&5
configure:3992: $? = 0
configure:4005: result: none needed
configure:4030: checking whether gcc understands -c and -o together
configure:4052: gcc -c conftest.c -o conftest2.o
configure:4055: $? = 0
configure:4052: gcc -c conftest.c -o conftest2.o
configure:4055: $? = 0
configure:4067: result: yes
configure:4086: checking dependency style of gcc
configure:4197: result: gcc3
configure:4213: checking for library containing strerror
configure:4244: gcc -o conftest -g -O2 -Wall   conftest.c  >&5
conftest.c:16:6: warning: incompatible redeclaration of library function 'strerror' [-Wincompatible-library-redeclaration]
char strerror ();
     ^
conftest.c:16:6: note: 'strerror' is a builtin with type 'char *(int)'
1 warning generated.
configure:4244: $? = 0
configure:4261: result: none required
configure:4317: checking for gcc
configure:4344: result: gcc
configure:4573: checking for C compiler version
configure:4582: gcc --version >&5
Apple LLVM version 9.1.0 (clang-902.0.39.1)
Target: x86_64-apple-darwin17.4.0
Thread model: posix
InstalledDir: /Library/Developer/CommandLineTools/usr/bin
Configured with: --prefix=/Library/Developer/CommandLineTools/usr --with-gxx-include-dir=/usr/include/c++/4.2.1
configure:4593: $? = 0
configure:4582: gcc -v >&5
Configured with: --prefix=/Library/Developer/CommandLineTools/usr --with-gxx-include-dir=/usr/include/c++/4.2.1
Apple LLVM version 9.1.0 (clang-902.0.39.1)
Target: x86_64-apple-darwin17.4.0
Thread model: posix
InstalledDir: /Library/Developer/CommandLineTools/usr/bin
configure:4593: $? = 0
configure:4582: gcc -V >&5
clang: error: argument to '-V' is missing (expected 1 value)
clang: error: no input files
configure:4593: $? = 1
configure:4582: gcc -qversion >&5
clang: error: unknown argument: '-qversion'
clang: error: no input files
configure:4593: $? = 1
configure:4597: checking whether we are using the GNU C compiler
configure:4625: result: yes
configure:4634: checking whether gcc accepts -g
configure:4695: result: yes
configure:4712: checking for gcc option to accept ISO C89
configure:4788: result: none needed
configure:4813: checking whether gcc understands -c and -o together
configure:4850: result: yes
configure:4869: checking dependency style of gcc
configure:4980: result: gcc3
configure:4999: checking for gcc option to accept ISO C99
configure:5148: gcc  -c -g -O2 -Wall  conftest.c >&5
configure:5148: $? = 0
configure:5161: result: none needed
configure:5269: checking for gcc option to accept ISO Standard C
configure:5280: result: none needed
configure:5334: checking how to print strings
configure:5361: result: printf
configure:5382: checking for a sed that does not truncate output
configure:5446: result: /usr/bin/sed
configure:5464: checking for grep that handles long lines and -e
configure:5522: result: /usr/bin/grep
configure:5527: checking for egrep
configure:5589: result: /usr/bin/grep -E
configure:5594: checking for fgrep
configure:5656: result: /usr/bin/grep -F
configure:5691: checking for ld used by gcc
configure:5758: result: /Library/Developer/CommandLineTools/usr/bin/ld
configure:5765: checking if the linker (/Library/Developer/CommandLineTools/usr/bin/ld) is GNU ld
configure:5780: result: no
configure:5792: checking for BSD- or MS-compatible name lister (nm)
configure:5846: result: /usr/bin/nm -B
configure:5976: checking the name lister (/usr/bin/nm -B) interface
configure:5983: gcc -c -g -O2 -Wall  conftest.c >&5
configure:5986: /usr/bin/nm -B "conftest.o"
configure:5989: output
00000000000001f8 S _some_variable
configure:5996: result: BSD nm
configure:5999: checking whether ln -s works
configure:6003: result: yes
configure:6011: checking the maximum length of command line arguments
configure:6142: result: 196608
configure:6190: checking how to convert x86_64-apple-darwin17.4.0 file names to x86_64-apple-darwin17.4.0 format
configure:6230: result: func_convert_file_noop
configure:6237: checking how to convert x86_64-apple-darwin17.4.0 file names to toolchain format
configure:6257: result: func_convert_file_noop
configure:6264: checking for /Library/Developer/CommandLineTools/usr/bin/ld option to reload object files
configure:6271: result: -r
configure:6345: checking for objdump
configure:6361: found /usr/bin/objdump
configure:6372: result: objdump
configure:6404: checking how to recognize dependent libraries
configure:6604: result: pass_all
configure:6689: checking for dlltool
configure:6719: result: no
configure:6749: checking how to associate runtime and link libraries
configure:6776: result: printf %s\n
configure:6836: checking for ar
configure:6852: found /usr/bin/ar
configure:6863: result: ar
configure:6900: checking for archiver @FILE support
configure:6917: gcc -c -g -O2 -Wall  conftest.c >&5
configure:6917: $? = 0
configure:6920: ar cru libconftest.a @conftest.lst >&5
ar: @conftest.lst: No such file or directory
configure:6923: $? = 1
configure:6943: result: no
configure:7001: checking for strip
configure:7017: found /usr/bin/strip
configure:7028: result: strip
configure:7100: checking for ranlib
configure:7116: found /usr/bin/ranlib
configure:7127: result: ranlib
configure:7229: checking command to parse /usr/bin/nm -B output from gcc object
configure:7382: gcc -c -g -O2 -Wall  conftest.c >&5
configure:7385: $? = 0
configure:7389: /usr/bin/nm -B conftest.o \| sed -n -e 's/^.*[ ]\([BCDEGRST][BCDEGRST]*\)[ ][ ]*\([_A-Za-z][_A-Za-z0-9]*\)$/\1 \2 \2/p' | sed '/ __gnu_lto/d' \> conftest.nm
configure:7392: $? = 0
cannot find nm_test_var in conftest.nm
configure:7382: gcc -c -g -O2 -Wall  conftest.c >&5
configure:7385: $? = 0
configure:7389: /usr/bin/nm -B conftest.o \| sed -n -e 's/^.*[ ]\([BCDEGRST][BCDEGRST]*\)[ ][ ]*_\([_A-Za-z][_A-Za-z0-9]*\)$/\1 _\2 \2/p' | sed '/ __gnu_lto/d' \> conftest.nm
configure:7392: $? = 0
configure:7458: gcc -o conftest -g -O2 -Wall   conftest.c conftstm.o >&5
warning: (x86_64)  could not find object file symbol for symbol _main
configure:7461: $? = 0
configure:7499: result: ok
configure:7546: checking for sysroot
configure:7576: result: no
configure:7583: checking for a working dd
configure:7621: result: /bin/dd
configure:7625: checking how to truncate binary pipes
configure:7640: result: /bin/dd bs=4096 count=1
configure:7969: checking for mt
configure:7999: result: no
configure:8019: checking if : is a manifest tool
configure:8025: : '-?'
configure:8033: result: no
configure:8089: checking for dsymutil
configure:8105: found /usr/bin/dsymutil
configure:8116: result: dsymutil
configure:8181: checking for nmedit
configure:8197: found /usr/bin/nmedit
configure:8208: result: nmedit
configure:8273: checking for lipo
configure:8289: found /usr/bin/lipo
configure:8300: result: lipo
configure:8365: checking for otool
configure:8381: found /usr/bin/otool
configure:8392: result: otool
configure:8457: checking for otool64
configure:8487: result: no
configure:8532: checking for -single_module linker flag
gcc -g -O2 -Wall  -o libconftest.dylib -dynamiclib -Wl,-single_module conftest.c
configure:8565: result: yes
configure:8568: checking for -exported_symbols_list linker flag
configure:8588: gcc -o conftest -g -O2 -Wall   -Wl,-exported_symbols_list,conftest.sym conftest.c  >&5
configure:8588: $? = 0
configure:8598: result: yes
configure:8601: checking for -force_load linker flag
gcc -g -O2 -Wall -c -o conftest.o conftest.c
ar cru libconftest.a conftest.o
ranlib libconftest.a
gcc -g -O2 -Wall  -o conftest conftest.c -Wl,-force_load,./libconftest.a
configure:8633: result: yes
configure:8710: checking how to run the C preprocessor
configure:8741: gcc -E  conftest.c
configure:8741: $? = 0
configure:8755: gcc -E  conftest.c
conftest.c:9:10: fatal error: 'ac_nonexistent.h' file not found
#include <ac_nonexistent.h>
         ^~~~~~~~~~~~~~~~~~
1 error generated.
configure:8755: $? = 1
configure: failed program was:
| /* confdefs.h */
| #define PACKAGE_NAME "sphinxbase"
| #define PACKAGE_TARNAME "sphinxbase"
| #define PACKAGE_VERSION "5prealpha"
| #define PACKAGE_STRING "sphinxbase 5prealpha"
| #define PACKAGE_BUGREPORT ""
| #define PACKAGE_URL ""
| /* end confdefs.h.  */
| #include <ac_nonexistent.h>
configure:8780: result: gcc -E
configure:8800: gcc -E  conftest.c
configure:8800: $? = 0
configure:8814: gcc -E  conftest.c
conftest.c:9:10: fatal error: 'ac_nonexistent.h' file not found
#include <ac_nonexistent.h>
         ^~~~~~~~~~~~~~~~~~
1 error generated.
configure:8814: $? = 1
configure: failed program was:
| /* confdefs.h */
| #define PACKAGE_NAME "sphinxbase"
| #define PACKAGE_TARNAME "sphinxbase"
| #define PACKAGE_VERSION "5prealpha"
| #define PACKAGE_STRING "sphinxbase 5prealpha"
| #define PACKAGE_BUGREPORT ""
| #define PACKAGE_URL ""
| /* end confdefs.h.  */
| #include <ac_nonexistent.h>
configure:8843: checking for ANSI C header files
configure:8863: gcc -c -g -O2 -Wall  conftest.c >&5
configure:8863: $? = 0
configure:8936: gcc -o conftest -g -O2 -Wall   conftest.c  >&5
configure:8936: $? = 0
configure:8936: ./conftest
configure:8936: $? = 0
configure:8947: result: yes
configure:8960: checking for sys/types.h
configure:8960: gcc -c -g -O2 -Wall  conftest.c >&5
configure:8960: $? = 0
configure:8960: result: yes
configure:8960: checking for sys/stat.h
configure:8960: gcc -c -g -O2 -Wall  conftest.c >&5
configure:8960: $? = 0
configure:8960: result: yes
configure:8960: checking for stdlib.h
configure:8960: gcc -c -g -O2 -Wall  conftest.c >&5
configure:8960: $? = 0
configure:8960: result: yes
configure:8960: checking for string.h
configure:8960: gcc -c -g -O2 -Wall  conftest.c >&5
configure:8960: $? = 0
configure:8960: result: yes
configure:8960: checking for memory.h
configure:8960: gcc -c -g -O2 -Wall  conftest.c >&5
configure:8960: $? = 0
configure:8960: result: yes
configure:8960: checking for strings.h
configure:8960: gcc -c -g -O2 -Wall  conftest.c >&5
configure:8960: $? = 0
configure:8960: result: yes
configure:8960: checking for inttypes.h
configure:8960: gcc -c -g -O2 -Wall  conftest.c >&5
configure:8960: $? = 0
configure:8960: result: yes
configure:8960: checking for stdint.h
configure:8960: gcc -c -g -O2 -Wall  conftest.c >&5
configure:8960: $? = 0
configure:8960: result: yes
configure:8960: checking for unistd.h
configure:8960: gcc -c -g -O2 -Wall  conftest.c >&5
configure:8960: $? = 0
configure:8960: result: yes
configure:8974: checking for dlfcn.h
configure:8974: gcc -c -g -O2 -Wall  conftest.c >&5
configure:8974: $? = 0
configure:8974: result: yes
configure:9230: checking for objdir
configure:9245: result: .libs
configure:9509: checking if gcc supports -fno-rtti -fno-exceptions
configure:9527: gcc -c -g -O2 -Wall  -fno-rtti -fno-exceptions conftest.c >&5
configure:9531: $? = 0
configure:9544: result: yes
configure:9902: checking for gcc option to produce PIC
configure:9909: result: -fno-common -DPIC
configure:9917: checking if gcc PIC flag -fno-common -DPIC works
configure:9935: gcc -c -g -O2 -Wall  -fno-common -DPIC -DPIC conftest.c >&5
configure:9939: $? = 0
configure:9952: result: yes
configure:9981: checking if gcc static flag -static works
configure:10009: result: no
configure:10024: checking if gcc supports -c -o file.o
configure:10045: gcc -c -g -O2 -Wall  -o out/conftest2.o conftest.c >&5
configure:10049: $? = 0
configure:10071: result: yes
configure:10079: checking if gcc supports -c -o file.o
configure:10126: result: yes
configure:10159: checking whether the gcc linker (/Library/Developer/CommandLineTools/usr/bin/ld) supports shared libraries
configure:11418: result: yes
configure:11658: checking dynamic linker characteristics
configure:12476: result: darwin17.4.0 dyld
configure:12598: checking how to hardcode library paths into programs
configure:12623: result: immediate
configure:13171: checking whether stripping libraries is possible
configure:13185: result: yes
configure:13211: checking if libtool supports shared libraries
configure:13213: result: yes
configure:13216: checking whether to build shared libraries
configure:13241: result: yes
configure:13244: checking whether to build static libraries
configure:13248: result: yes
configure:13290: checking for bison
configure:13306: found /usr/bin/bison
configure:13318: result: bison -y
configure:13332: checking for ANSI C header files
configure:13436: result: yes
configure:13444: checking whether byte ordering is bigendian
configure:13459: gcc -c -g -O2 -Wall  conftest.c >&5
configure:13459: $? = 0
configure:13504: gcc -c -g -O2 -Wall  conftest.c >&5
configure:13504: $? = 0
configure:13522: gcc -c -g -O2 -Wall  conftest.c >&5
conftest.c:29:4: error: use of undeclared identifier 'not'
                 not big endian
                 ^
1 error generated.
configure:13522: $? = 1
configure: failed program was:
| /* confdefs.h */
| #define PACKAGE_NAME "sphinxbase"
| #define PACKAGE_TARNAME "sphinxbase"
| #define PACKAGE_VERSION "5prealpha"
| #define PACKAGE_STRING "sphinxbase 5prealpha"
| #define PACKAGE_BUGREPORT ""
| #define PACKAGE_URL ""
| #define STDC_HEADERS 1
| #define HAVE_SYS_TYPES_H 1
| #define HAVE_SYS_STAT_H 1
| #define HAVE_STDLIB_H 1
| #define HAVE_STRING_H 1
| #define HAVE_MEMORY_H 1
| #define HAVE_STRINGS_H 1
| #define HAVE_INTTYPES_H 1
| #define HAVE_STDINT_H 1
| #define HAVE_UNISTD_H 1
| #define HAVE_DLFCN_H 1
| #define LT_OBJDIR ".libs/"
| #define STDC_HEADERS 1
| /* end confdefs.h.  */
| #include <sys/types.h>
| 		#include <sys/param.h>
| 
| int
| main ()
| {
| #if BYTE_ORDER != BIG_ENDIAN
| 		 not big endian
| 		#endif
| 
|   ;
|   return 0;
| }
configure:13650: result: no
configure:13668: checking return type of signal handlers
configure:13686: gcc -c -g -O2 -Wall  conftest.c >&5
conftest.c:28:8: error: indirection requires pointer operand ('void' invalid)
return *(signal (0, 0)) (0) == 1;
       ^~~~~~~~~~~~~~~~~~~~
1 error generated.
configure:13686: $? = 1
configure: failed program was:
| /* confdefs.h */
| #define PACKAGE_NAME "sphinxbase"
| #define PACKAGE_TARNAME "sphinxbase"
| #define PACKAGE_VERSION "5prealpha"
| #define PACKAGE_STRING "sphinxbase 5prealpha"
| #define PACKAGE_BUGREPORT ""
| #define PACKAGE_URL ""
| #define STDC_HEADERS 1
| #define HAVE_SYS_TYPES_H 1
| #define HAVE_SYS_STAT_H 1
| #define HAVE_STDLIB_H 1
| #define HAVE_STRING_H 1
| #define HAVE_MEMORY_H 1
| #define HAVE_STRINGS_H 1
| #define HAVE_INTTYPES_H 1
| #define HAVE_STDINT_H 1
| #define HAVE_UNISTD_H 1
| #define HAVE_DLFCN_H 1
| #define LT_OBJDIR ".libs/"
| #define STDC_HEADERS 1
| /* end confdefs.h.  */
| #include <sys/types.h>
| #include <signal.h>
| 
| int
| main ()
| {
| return *(signal (0, 0)) (0) == 1;
|   ;
|   return 0;
| }
configure:13693: result: void
configure:13701: checking for long long
configure:13701: gcc -c -g -O2 -Wall  conftest.c >&5
configure:13701: $? = 0
configure:13701: gcc -c -g -O2 -Wall  conftest.c >&5
conftest.c:59:24: error: expected expression
if (sizeof ((long long)))
                       ^
1 error generated.
configure:13701: $? = 1
configure: failed program was:
| /* confdefs.h */
| #define PACKAGE_NAME "sphinxbase"
| #define PACKAGE_TARNAME "sphinxbase"
| #define PACKAGE_VERSION "5prealpha"
| #define PACKAGE_STRING "sphinxbase 5prealpha"
| #define PACKAGE_BUGREPORT ""
| #define PACKAGE_URL ""
| #define STDC_HEADERS 1
| #define HAVE_SYS_TYPES_H 1
| #define HAVE_SYS_STAT_H 1
| #define HAVE_STDLIB_H 1
| #define HAVE_STRING_H 1
| #define HAVE_MEMORY_H 1
| #define HAVE_STRINGS_H 1
| #define HAVE_INTTYPES_H 1
| #define HAVE_STDINT_H 1
| #define HAVE_UNISTD_H 1
| #define HAVE_DLFCN_H 1
| #define LT_OBJDIR ".libs/"
| #define STDC_HEADERS 1
| #define RETSIGTYPE void
| /* end confdefs.h.  */
| #include <stdio.h>
| #ifdef HAVE_SYS_TYPES_H
| # include <sys/types.h>
| #endif
| #ifdef HAVE_SYS_STAT_H
| # include <sys/stat.h>
| #endif
| #ifdef STDC_HEADERS
| # include <stdlib.h>
| # include <stddef.h>
| #else
| # ifdef HAVE_STDLIB_H
| #  include <stdlib.h>
| # endif
| #endif
| #ifdef HAVE_STRING_H
| # if !defined STDC_HEADERS && defined HAVE_MEMORY_H
| #  include <memory.h>
| # endif
| # include <string.h>
| #endif
| #ifdef HAVE_STRINGS_H
| # include <strings.h>
| #endif
| #ifdef HAVE_INTTYPES_H
| # include <inttypes.h>
| #endif
| #ifdef HAVE_STDINT_H
| # include <stdint.h>
| #endif
| #ifdef HAVE_UNISTD_H
| # include <unistd.h>
| #endif
| int
| main ()
| {
| if (sizeof ((long long)))
| 	    return 0;
|   ;
|   return 0;
| }
configure:13701: result: yes
configure:13715: checking size of long long
configure:13720: gcc -o conftest -g -O2 -Wall   conftest.c  >&5
configure:13720: $? = 0
configure:13720: ./conftest
configure:13720: $? = 0
configure:13734: result: 8
configure:13748: checking size of long
configure:13753: gcc -o conftest -g -O2 -Wall   conftest.c  >&5
configure:13753: $? = 0
configure:13753: ./conftest
configure:13753: $? = 0
configure:13767: result: 8
configure:13780: checking for popen
configure:13780: gcc -o conftest -g -O2 -Wall   conftest.c  >&5
configure:13780: $? = 0
configure:13780: result: yes
configure:13780: checking for perror
configure:13780: gcc -o conftest -g -O2 -Wall   conftest.c  >&5
configure:13780: $? = 0
configure:13780: result: yes
configure:13780: checking for snprintf
configure:13780: gcc -o conftest -g -O2 -Wall   conftest.c  >&5
conftest.c:51:6: warning: incompatible redeclaration of library function 'snprintf' [-Wincompatible-library-redeclaration]
char snprintf ();
     ^
conftest.c:51:6: note: 'snprintf' is a builtin with type 'int (char *, unsigned long, const char *, ...)'
1 warning generated.
configure:13780: $? = 0
configure:13780: result: yes
configure:13789: checking errno.h usability
configure:13789: gcc -c -g -O2 -Wall  conftest.c >&5
configure:13789: $? = 0
configure:13789: result: yes
configure:13789: checking errno.h presence
configure:13789: gcc -E  conftest.c
configure:13789: $? = 0
configure:13789: result: yes
configure:13789: checking for errno.h
configure:13789: result: yes
configure:13809: checking for sgesv_ in -llapack
configure:13834: gcc -o conftest -g -O2 -Wall   conftest.c -llapack   >&5
configure:13834: $? = 0
configure:13843: result: yes
configure:13857: checking for sgemm_ in -lblas
configure:13882: gcc -o conftest -g -O2 -Wall   conftest.c -lblas  -llapack  >&5
configure:13882: $? = 0
configure:13891: result: yes
configure:13926: checking for log in -lm
configure:13951: gcc -o conftest -g -O2 -Wall   conftest.c -lm  -lblas -llapack  >&5
conftest.c:39:6: warning: incompatible redeclaration of library function 'log' [-Wincompatible-library-redeclaration]
char log ();
     ^
conftest.c:39:6: note: 'log' is a builtin with type 'double (double)'
1 warning generated.
configure:13951: $? = 0
configure:13960: result: yes
configure:13991: checking pthread.h usability
configure:13991: gcc -c -g -O2 -Wall  conftest.c >&5
configure:13991: $? = 0
configure:13991: result: yes
configure:13991: checking pthread.h presence
configure:13991: gcc -E  conftest.c
configure:13991: $? = 0
configure:13991: result: yes
configure:13991: checking for pthread.h
configure:13991: result: yes
configure:14001: checking for pthread_create in -lpthread
configure:14026: gcc -o conftest -g -O2 -Wall   conftest.c -lpthread  -lm -lblas -llapack  >&5
configure:14026: $? = 0
configure:14035: result: yes
configure:14282: checking alc.h usability
configure:14282: gcc -c -g -O2 -Wall  -I/System/Library/Frameworks/OpenAL.framework/Versions/A/Headers/ conftest.c >&5
configure:14282: $? = 0
configure:14282: result: yes
configure:14282: checking alc.h presence
configure:14282: gcc -E  -I/System/Library/Frameworks/OpenAL.framework/Versions/A/Headers/ conftest.c
configure:14282: $? = 0
configure:14282: result: yes
configure:14282: checking for alc.h
configure:14282: result: yes
configure:14307: checking for doxygen
configure:14335: result: no
configure:14396: checking for a Python interpreter with version >= 2.6
configure:14413: python -c import sys # split strings by '.' and convert to numeric. Append some zeros # because we need at least 4 digits for the hex conversion. # map returns an iterator in Python 3.0 and a list in 2.x minver = list(map(int, '2.6'.split('.'))) + [0, 0, 0] minverhex = 0 # xrange is not present in Python 3.0 and range returns an iterator for i in list(range(0, 4)): minverhex = (minverhex << 8) + minver[i] sys.exit(sys.hexversion < minverhex)
configure:14416: $? = 0
configure:14422: result: python
configure:14430: checking for python
configure:14448: found /nfs/2017/p/pstringe/.brew/bin/python
configure:14460: result: /nfs/2017/p/pstringe/.brew/bin/python
configure:14478: checking for python version
configure:14485: result: 3.6
configure:14497: checking for python platform
configure:14504: result: darwin
configure:14530: checking for python script directory
configure:14565: result: ${prefix}/lib/python3.6/site-packages
configure:14574: checking for python extension module directory
configure:14609: result: ${exec_prefix}/lib/python3.6/site-packages
configure:14630: checking for python3.6
configure:14660: result: /nfs/2017/p/pstringe/.brew/bin/python
configure:14676: checking for a version of Python >= '2.1.0'
configure:14702: result: yes
configure:14733: checking for the distutils Python package
configure:14737: result: yes
configure:14751: checking for Python include path
configure:14767: result: -I/nfs/2017/p/pstringe/.brew/Cellar/python/3.6.4_3/Frameworks/Python.framework/Versions/3.6/include/python3.6m
configure:14774: checking for Python library path
configure:14851: result: -L/nfs/2017/p/pstringe/.brew/opt/python/Frameworks/Python.framework/Versions/3.6/lib -lpython3.6m
configure:14858: checking for Python site-packages path
configure:14864: result: /nfs/2017/p/pstringe/.brew/Cellar/python/3.6.4_3/Frameworks/Python.framework/Versions/3.6/lib/python3.6/site-packages
configure:14871: checking python extra libraries
configure:14878: result: -ldl  -framework CoreFoundation 
configure:14885: checking python extra linking flags
configure:14892: result: -Wl,-stack_size,1000000  -framework CoreFoundation /nfs/2017/p/pstringe/.brew/opt/python/Frameworks/Python.framework/Versions/3.6/Python
configure:14899: checking consistency of all components of python development environment
configure:14925: gcc -o conftest -g -O2 -Wall  -I/nfs/2017/p/pstringe/.brew/Cellar/python/3.6.4_3/Frameworks/Python.framework/Versions/3.6/include/python3.6m  conftest.c -lpthread -lm -lblas -llapack  -L/nfs/2017/p/pstringe/.brew/opt/python/Frameworks/Python.framework/Versions/3.6/lib -lpython3.6m -Wl,-stack_size,1000000  -framework CoreFoundation /nfs/2017/p/pstringe/.brew/opt/python/Frameworks/Python.framework/Versions/3.6/Python -ldl  -framework CoreFoundation  >&5
configure:14925: $? = 0
configure:14942: result: yes
configure:14973: checking for swig
configure:14991: found /nfs/2017/p/pstringe/.brew/bin/swig
configure:15003: result: /nfs/2017/p/pstringe/.brew/bin/swig
configure:15017: checking SWIG version
configure:15020: result: 3.0.12
configure:15069: checking for SWIG library
configure:15072: result: /nfs/2017/p/pstringe/.brew/Cellar/swig/3.0.12/share/swig/3.0.12
configure:15209: checking that generated files are newer than configure
configure:15215: result: done
configure:15267: creating ./config.status

## ---------------------- ##
## Running config.status. ##
## ---------------------- ##

This file was extended by sphinxbase config.status 5prealpha, which was
generated by GNU Autoconf 2.69.  Invocation command line was

  CONFIG_FILES    = 
  CONFIG_HEADERS  = 
  CONFIG_LINKS    = 
  CONFIG_COMMANDS = 
  $ ./config.status 

on e1z3r4p3.42.us.org

config.status:1167: creating sphinxbase.pc
config.status:1167: creating Makefile
config.status:1167: creating include/Makefile
config.status:1167: creating include/sphinxbase/Makefile
config.status:1167: creating src/Makefile
config.status:1167: creating src/libsphinxad/Makefile
config.status:1167: creating src/libsphinxbase/Makefile
config.status:1167: creating src/libsphinxbase/util/Makefile
config.status:1167: creating src/libsphinxbase/feat/Makefile
config.status:1167: creating src/libsphinxbase/fe/Makefile
config.status:1167: creating src/libsphinxbase/lm/Makefile
config.status:1167: creating src/sphinx_fe/Makefile
config.status:1167: creating src/sphinx_cepview/Makefile
config.status:1167: creating src/sphinx_jsgf2fsg/Makefile
config.status:1167: creating src/sphinx_adtools/Makefile
config.status:1167: creating src/sphinx_lmtools/Makefile
config.status:1167: creating doc/Makefile
config.status:1167: creating doc/doxyfile
config.status:1167: creating test/Makefile
config.status:1167: creating test/unit/testfuncs.sh
config.status:1167: creating test/unit/Makefile
config.status:1167: creating test/unit/test_alloc/Makefile
config.status:1167: creating test/unit/test_bitvec/Makefile
config.status:1167: creating test/unit/test_case/Makefile
config.status:1167: creating test/unit/test_string/Makefile
config.status:1167: creating test/unit/test_cmdln/Makefile
config.status:1167: creating test/unit/test_hash/Makefile
config.status:1167: creating test/unit/test_matrix/Makefile
config.status:1167: creating test/unit/test_feat/Makefile
config.status:1167: creating test/unit/test_fe/Makefile
config.status:1167: creating test/unit/test_logmath/Makefile
config.status:1167: creating test/unit/test_lineiter/Makefile
config.status:1167: creating test/unit/test_ngram/Makefile
config.status:1167: creating test/unit/test_fsg/Makefile
config.status:1167: creating test/unit/test_thread/Makefile
config.status:1167: creating test/unit/test_util/Makefile
config.status:1167: creating test/regression/testfuncs.sh
config.status:1167: creating test/regression/Makefile
config.status:1167: creating swig/Makefile
config.status:1167: creating swig/python/Makefile
config.status:1167: creating include/config.h
config.status:1348: include/config.h is unchanged
config.status:1167: creating include/sphinx_config.h
config.status:1348: include/sphinx_config.h is unchanged
config.status:1396: executing depfiles commands
config.status:1473: cd src/libsphinxad       && sed -e '/# am--include-marker/d' Makefile         | make -f - am--depfiles
make: Nothing to be done for `am--depfiles'.
config.status:1478: $? = 0
config.status:1473: cd src/libsphinxbase/util       && sed -e '/# am--include-marker/d' Makefile         | make -f - am--depfiles
make: Nothing to be done for `am--depfiles'.
config.status:1478: $? = 0
config.status:1473: cd src/libsphinxbase/feat       && sed -e '/# am--include-marker/d' Makefile         | make -f - am--depfiles
make: Nothing to be done for `am--depfiles'.
config.status:1478: $? = 0
config.status:1473: cd src/libsphinxbase/fe       && sed -e '/# am--include-marker/d' Makefile         | make -f - am--depfiles
make: Nothing to be done for `am--depfiles'.
config.status:1478: $? = 0
config.status:1473: cd src/libsphinxbase/lm       && sed -e '/# am--include-marker/d' Makefile         | make -f - am--depfiles
make: Nothing to be done for `am--depfiles'.
config.status:1478: $? = 0
config.status:1473: cd src/sphinx_fe       && sed -e '/# am--include-marker/d' Makefile         | make -f - am--depfiles
make: Nothing to be done for `am--depfiles'.
config.status:1478: $? = 0
config.status:1473: cd src/sphinx_cepview       && sed -e '/# am--include-marker/d' Makefile         | make -f - am--depfiles
make: Nothing to be done for `am--depfiles'.
config.status:1478: $? = 0
config.status:1473: cd src/sphinx_jsgf2fsg       && sed -e '/# am--include-marker/d' Makefile         | make -f - am--depfiles
make: Nothing to be done for `am--depfiles'.
config.status:1478: $? = 0
config.status:1473: cd src/sphinx_adtools       && sed -e '/# am--include-marker/d' Makefile         | make -f - am--depfiles
make: Nothing to be done for `am--depfiles'.
config.status:1478: $? = 0
config.status:1473: cd src/sphinx_lmtools       && sed -e '/# am--include-marker/d' Makefile         | make -f - am--depfiles
make: Nothing to be done for `am--depfiles'.
config.status:1478: $? = 0
config.status:1473: cd test/unit/test_alloc       && sed -e '/# am--include-marker/d' Makefile         | make -f - am--depfiles
make: Nothing to be done for `am--depfiles'.
config.status:1478: $? = 0
config.status:1473: cd test/unit/test_bitvec       && sed -e '/# am--include-marker/d' Makefile         | make -f - am--depfiles
make: Nothing to be done for `am--depfiles'.
config.status:1478: $? = 0
config.status:1473: cd test/unit/test_case       && sed -e '/# am--include-marker/d' Makefile         | make -f - am--depfiles
make: Nothing to be done for `am--depfiles'.
config.status:1478: $? = 0
config.status:1473: cd test/unit/test_string       && sed -e '/# am--include-marker/d' Makefile         | make -f - am--depfiles
make: Nothing to be done for `am--depfiles'.
config.status:1478: $? = 0
config.status:1473: cd test/unit/test_cmdln       && sed -e '/# am--include-marker/d' Makefile         | make -f - am--depfiles
make: Nothing to be done for `am--depfiles'.
config.status:1478: $? = 0
config.status:1473: cd test/unit/test_hash       && sed -e '/# am--include-marker/d' Makefile         | make -f - am--depfiles
make: Nothing to be done for `am--depfiles'.
config.status:1478: $? = 0
config.status:1473: cd test/unit/test_matrix       && sed -e '/# am--include-marker/d' Makefile         | make -f - am--depfiles
make: Nothing to be done for `am--depfiles'.
config.status:1478: $? = 0
config.status:1473: cd test/unit/test_feat       && sed -e '/# am--include-marker/d' Makefile         | make -f - am--depfiles
make: Nothing to be done for `am--depfiles'.
config.status:1478: $? = 0
config.status:1473: cd test/unit/test_fe       && sed -e '/# am--include-marker/d' Makefile         | make -f - am--depfiles
make: Nothing to be done for `am--depfiles'.
config.status:1478: $? = 0
config.status:1473: cd test/unit/test_logmath       && sed -e '/# am--include-marker/d' Makefile         | make -f - am--depfiles
make: Nothing to be done for `am--depfiles'.
config.status:1478: $? = 0
config.status:1473: cd test/unit/test_lineiter       && sed -e '/# am--include-marker/d' Makefile         | make -f - am--depfiles
make: Nothing to be done for `am--depfiles'.
config.status:1478: $? = 0
config.status:1473: cd test/unit/test_ngram       && sed -e '/# am--include-marker/d' Makefile         | make -f - am--depfiles
make: Nothing to be done for `am--depfiles'.
config.status:1478: $? = 0
config.status:1473: cd test/unit/test_fsg       && sed -e '/# am--include-marker/d' Makefile         | make -f - am--depfiles
make: Nothing to be done for `am--depfiles'.
config.status:1478: $? = 0
config.status:1473: cd test/unit/test_thread       && sed -e '/# am--include-marker/d' Makefile         | make -f - am--depfiles
make: Nothing to be done for `am--depfiles'.
config.status:1478: $? = 0
config.status:1473: cd test/unit/test_util       && sed -e '/# am--include-marker/d' Makefile         | make -f - am--depfiles
make: Nothing to be done for `am--depfiles'.
config.status:1478: $? = 0
config.status:1473: cd swig/python       && sed -e '/# am--include-marker/d' Makefile         | make -f - am--depfiles
make: Nothing to be done for `am--depfiles'.
config.status:1478: $? = 0
config.status:1396: executing libtool commands

## ---------------- ##
## Cache variables. ##
## ---------------- ##

ac_cv_build=x86_64-apple-darwin17.4.0
ac_cv_c_bigendian=no
ac_cv_c_compiler_gnu=yes
ac_cv_env_CC_set=
ac_cv_env_CC_value=
ac_cv_env_CFLAGS_set=
ac_cv_env_CFLAGS_value=
ac_cv_env_CPPFLAGS_set=
ac_cv_env_CPPFLAGS_value=
ac_cv_env_CPP_set=
ac_cv_env_CPP_value=
ac_cv_env_LDFLAGS_set=
ac_cv_env_LDFLAGS_value=
ac_cv_env_LIBS_set=
ac_cv_env_LIBS_value=
ac_cv_env_LT_SYS_LIBRARY_PATH_set=
ac_cv_env_LT_SYS_LIBRARY_PATH_value=
ac_cv_env_PYTHON_VERSION_set=
ac_cv_env_PYTHON_VERSION_value=
ac_cv_env_PYTHON_set=
ac_cv_env_PYTHON_value=
ac_cv_env_YACC_set=
ac_cv_env_YACC_value=
ac_cv_env_build_alias_set=
ac_cv_env_build_alias_value=
ac_cv_env_host_alias_set=
ac_cv_env_host_alias_value=
ac_cv_env_target_alias_set=
ac_cv_env_target_alias_value=
ac_cv_func_perror=yes
ac_cv_func_popen=yes
ac_cv_func_snprintf=yes
ac_cv_header_alc_h=yes
ac_cv_header_dlfcn_h=yes
ac_cv_header_errno_h=yes
ac_cv_header_inttypes_h=yes
ac_cv_header_memory_h=yes
ac_cv_header_pthread_h=yes
ac_cv_header_stdc=yes
ac_cv_header_stdint_h=yes
ac_cv_header_stdlib_h=yes
ac_cv_header_string_h=yes
ac_cv_header_strings_h=yes
ac_cv_header_sys_stat_h=yes
ac_cv_header_sys_types_h=yes
ac_cv_header_unistd_h=yes
ac_cv_host=x86_64-apple-darwin17.4.0
ac_cv_lib_blas_sgemm_=yes
ac_cv_lib_lapack_sgesv_=yes
ac_cv_lib_m_log=yes
ac_cv_lib_pthread_pthread_create=yes
ac_cv_objext=o
ac_cv_path_EGREP='/usr/bin/grep -E'
ac_cv_path_FGREP='/usr/bin/grep -F'
ac_cv_path_GREP=/usr/bin/grep
ac_cv_path_PYTHON=/nfs/2017/p/pstringe/.brew/bin/python
ac_cv_path_SED=/usr/bin/sed
ac_cv_path_SWIG=/nfs/2017/p/pstringe/.brew/bin/swig
ac_cv_path_install='/usr/bin/install -c'
ac_cv_path_lt_DD=/bin/dd
ac_cv_prog_AWK=awk
ac_cv_prog_CPP='gcc -E'
ac_cv_prog_HAVE_DOXYGEN=no
ac_cv_prog_YACC='bison -y'
ac_cv_prog_ac_ct_AR=ar
ac_cv_prog_ac_ct_CC=gcc
ac_cv_prog_ac_ct_DSYMUTIL=dsymutil
ac_cv_prog_ac_ct_LIPO=lipo
ac_cv_prog_ac_ct_NMEDIT=nmedit
ac_cv_prog_ac_ct_OBJDUMP=objdump
ac_cv_prog_ac_ct_OTOOL=otool
ac_cv_prog_ac_ct_RANLIB=ranlib
ac_cv_prog_ac_ct_STRIP=strip
ac_cv_prog_cc_c89=
ac_cv_prog_cc_c99=
ac_cv_prog_cc_g=yes
ac_cv_prog_cc_stdc=
ac_cv_prog_make_make_set=yes
ac_cv_search_strerror='none required'
ac_cv_sizeof_long=8
ac_cv_sizeof_long_long=8
ac_cv_type_long_long=yes
ac_cv_type_signal=void
am_cv_CC_dependencies_compiler_type=gcc3
am_cv_make_support_nested_variables=yes
am_cv_pathless_PYTHON=python
am_cv_prog_cc_c_o=yes
am_cv_python_platform=darwin
am_cv_python_pyexecdir='${exec_prefix}/lib/python3.6/site-packages'
am_cv_python_pythondir='${prefix}/lib/python3.6/site-packages'
am_cv_python_version=3.6
lt_cv_apple_cc_single_mod=yes
lt_cv_ar_at_file=no
lt_cv_deplibs_check_method=pass_all
lt_cv_file_magic_cmd='$MAGIC_CMD'
lt_cv_file_magic_test_file=
lt_cv_ld_exported_symbols_list=yes
lt_cv_ld_force_load=yes
lt_cv_ld_reload_flag=-r
lt_cv_nm_interface='BSD nm'
lt_cv_objdir=.libs
lt_cv_path_LD=/Library/Developer/CommandLineTools/usr/bin/ld
lt_cv_path_NM='/usr/bin/nm -B'
lt_cv_path_mainfest_tool=no
lt_cv_prog_compiler_c_o=yes
lt_cv_prog_compiler_pic='-fno-common -DPIC'
lt_cv_prog_compiler_pic_works=yes
lt_cv_prog_compiler_rtti_exceptions=yes
lt_cv_prog_compiler_static_works=no
lt_cv_prog_gnu_ld=no
lt_cv_sharedlib_from_linklib_cmd='printf %s\n'
lt_cv_sys_global_symbol_pipe='sed -n -e '\''s/^.*[	 ]\([BCDEGRST][BCDEGRST]*\)[	 ][	 ]*_\([_A-Za-z][_A-Za-z0-9]*\)$/\1 _\2 \2/p'\'' | sed '\''/ __gnu_lto/d'\'''
lt_cv_sys_global_symbol_to_c_name_address='sed -n -e '\''s/^: \(.*\) .*$/  {"\1", (void *) 0},/p'\'' -e '\''s/^[BCDEGRST][BCDEGRST]* .* \(.*\)$/  {"\1", (void *) \&\1},/p'\'''
lt_cv_sys_global_symbol_to_c_name_address_lib_prefix='sed -n -e '\''s/^: \(.*\) .*$/  {"\1", (void *) 0},/p'\'' -e '\''s/^[BCDEGRST][BCDEGRST]* .* \(lib.*\)$/  {"\1", (void *) \&\1},/p'\'' -e '\''s/^[BCDEGRST][BCDEGRST]* .* \(.*\)$/  {"lib\1", (void *) \&\1},/p'\'''
lt_cv_sys_global_symbol_to_cdecl='sed -n -e '\''s/^T .* \(.*\)$/extern int \1();/p'\'' -e '\''s/^[BCDEGRST][BCDEGRST]* .* \(.*\)$/extern char \1;/p'\'''
lt_cv_sys_global_symbol_to_import=
lt_cv_sys_max_cmd_len=196608
lt_cv_to_host_file_cmd=func_convert_file_noop
lt_cv_to_tool_file_cmd=func_convert_file_noop
lt_cv_truncate_bin='/bin/dd bs=4096 count=1'

## ----------------- ##
## Output variables. ##
## ----------------- ##

ACLOCAL='${SHELL} /nfs/2017/p/pstringe/Documents/42/projects/KIFT/includes/sphinxbase-5prealpha/missing aclocal-1.16'
AMDEPBACKSLASH='\'
AMDEP_FALSE='#'
AMDEP_TRUE=''
AMTAR='$${TAR-tar}'
AM_BACKSLASH='\'
AM_DEFAULT_V='$(AM_DEFAULT_VERBOSITY)'
AM_DEFAULT_VERBOSITY='1'
AM_V='$(V)'
AR='ar'
AUTOCONF='${SHELL} /nfs/2017/p/pstringe/Documents/42/projects/KIFT/includes/sphinxbase-5prealpha/missing autoconf'
AUTOHEADER='${SHELL} /nfs/2017/p/pstringe/Documents/42/projects/KIFT/includes/sphinxbase-5prealpha/missing autoheader'
AUTOMAKE='${SHELL} /nfs/2017/p/pstringe/Documents/42/projects/KIFT/includes/sphinxbase-5prealpha/missing automake-1.16'
AWK='awk'
BUILD_DOXYGEN_FALSE=''
BUILD_DOXYGEN_TRUE='#'
BUILD_SWIG_FALSE='#'
BUILD_SWIG_TRUE=''
CC='gcc'
CCDEPMODE='depmode=gcc3'
CFLAGS='-g -O2 -Wall'
CPP='gcc -E'
CPPFLAGS=''
CYGPATH_W='echo'
DEFS='-DHAVE_CONFIG_H'
DEPDIR='.deps'
DLLTOOL='false'
DSYMUTIL='dsymutil'
DUMPBIN=''
ECHO_C='\c'
ECHO_N=''
ECHO_T=''
EGREP='/usr/bin/grep -E'
EXEEXT=''
FGREP='/usr/bin/grep -F'
FIXED_POINT_FALSE=''
FIXED_POINT_TRUE='#'
GREP='/usr/bin/grep'
HAVE_DOXYGEN='no'
INSTALL_DATA='${INSTALL} -m 644'
INSTALL_PROGRAM='${INSTALL}'
INSTALL_SCRIPT='${INSTALL}'
INSTALL_STRIP_PROGRAM='$(install_sh) -c -s'
LAPACK_LITE_FALSE=''
LAPACK_LITE_TRUE='#'
LD='/Library/Developer/CommandLineTools/usr/bin/ld'
LDFLAGS=''
LIBOBJS=''
LIBS='-lpthread -lm -lblas -llapack '
LIBTOOL='$(SHELL) $(top_builddir)/libtool'
LIPO='lipo'
LN_S='ln -s'
LTLIBOBJS=''
LT_SYS_LIBRARY_PATH=''
MAKEINFO='${SHELL} /nfs/2017/p/pstringe/Documents/42/projects/KIFT/includes/sphinxbase-5prealpha/missing makeinfo'
MANIFEST_TOOL=':'
MKDIR_P='./install-sh -c -d'
NM='/usr/bin/nm -B'
NMEDIT='nmedit'
OBJDUMP='objdump'
OBJEXT='o'
OTOOL64=':'
OTOOL='otool'
PACKAGE='sphinxbase'
PACKAGE_BUGREPORT=''
PACKAGE_NAME='sphinxbase'
PACKAGE_STRING='sphinxbase 5prealpha'
PACKAGE_TARNAME='sphinxbase'
PACKAGE_URL=''
PACKAGE_VERSION='5prealpha'
PATH_SEPARATOR=':'
PYTHON='/nfs/2017/p/pstringe/.brew/bin/python'
PYTHON_CPPFLAGS='-I/nfs/2017/p/pstringe/.brew/Cellar/python/3.6.4_3/Frameworks/Python.framework/Versions/3.6/include/python3.6m'
PYTHON_EXEC_PREFIX='${exec_prefix}'
PYTHON_EXTRA_LDFLAGS='-Wl,-stack_size,1000000  -framework CoreFoundation /nfs/2017/p/pstringe/.brew/opt/python/Frameworks/Python.framework/Versions/3.6/Python'
PYTHON_EXTRA_LIBS='-ldl  -framework CoreFoundation '
PYTHON_LDFLAGS='-L/nfs/2017/p/pstringe/.brew/opt/python/Frameworks/Python.framework/Versions/3.6/lib -lpython3.6m'
PYTHON_PLATFORM='darwin'
PYTHON_PREFIX='${prefix}'
PYTHON_SITE_PKG='/nfs/2017/p/pstringe/.brew/Cellar/python/3.6.4_3/Frameworks/Python.framework/Versions/3.6/lib/python3.6/site-packages'
PYTHON_VERSION='3.6'
RANLIB='ranlib'
SED='/usr/bin/sed'
SET_MAKE=''
SHELL='/bin/sh'
STRIP='strip'
SWIG='/nfs/2017/p/pstringe/.brew/bin/swig'
SWIG_LIB='/nfs/2017/p/pstringe/.brew/Cellar/swig/3.0.12/share/swig/3.0.12'
USE_LAPACK_FALSE='#'
USE_LAPACK_TRUE=''
USE_THREADS_FALSE='#'
USE_THREADS_TRUE=''
VERSION='5prealpha'
YACC='bison -y'
ac_ct_AR='ar'
ac_ct_CC='gcc'
ac_ct_DUMPBIN=''
ad_cppflags='-I/System/Library/Frameworks/OpenAL.framework/Versions/A/Headers/'
ad_files='ad_openal.lo'
ad_libs='-framework OpenAL'
am__EXEEXT_FALSE=''
am__EXEEXT_TRUE='#'
am__fastdepCC_FALSE='#'
am__fastdepCC_TRUE=''
am__include='include'
am__isrc=''
am__leading_dot='.'
am__nodep='_no'
am__quote=''
am__tar='$${TAR-tar} chof - "$$tardir"'
am__untar='$${TAR-tar} xf -'
bindir='${exec_prefix}/bin'
build='x86_64-apple-darwin17.4.0'
build_alias=''
build_cpu='x86_64'
build_os='darwin17.4.0'
build_vendor='apple'
datadir='${datarootdir}'
datarootdir='${prefix}/share'
docdir='${datarootdir}/doc/${PACKAGE_TARNAME}'
dvidir='${docdir}'
exec_prefix='${prefix}'
host='x86_64-apple-darwin17.4.0'
host_alias=''
host_cpu='x86_64'
host_os='darwin17.4.0'
host_vendor='apple'
htmldir='${docdir}'
includedir='${prefix}/include'
infodir='${datarootdir}/info'
install_sh='${SHELL} /nfs/2017/p/pstringe/Documents/42/projects/KIFT/includes/sphinxbase-5prealpha/install-sh'
libdir='${exec_prefix}/lib'
libexecdir='${exec_prefix}/libexec'
localedir='${datarootdir}/locale'
localstatedir='${prefix}/var'
mandir='${datarootdir}/man'
mkdir_p='$(MKDIR_P)'
oldincludedir='/usr/include'
pdfdir='${docdir}'
pkgpyexecdir='${pyexecdir}/sphinxbase'
pkgpythondir='${pythondir}/sphinxbase'
prefix='/nfs/2017/p/pstringe/Documents/42/projects/KIFT/includes'
program_transform_name='s,x,x,'
psdir='${docdir}'
pyexecdir='${exec_prefix}/lib/python3.6/site-packages'
pythondir='${prefix}/lib/python3.6/site-packages'
sbindir='${exec_prefix}/sbin'
sharedstatedir='${prefix}/com'
sysconfdir='${prefix}/etc'
target_alias=''

## ----------- ##
## confdefs.h. ##
## ----------- ##

/* confdefs.h */
#define PACKAGE_NAME "sphinxbase"
#define PACKAGE_TARNAME "sphinxbase"
#define PACKAGE_VERSION "5prealpha"
#define PACKAGE_STRING "sphinxbase 5prealpha"
#define PACKAGE_BUGREPORT ""
#define PACKAGE_URL ""
#define STDC_HEADERS 1
#define HAVE_SYS_TYPES_H 1
#define HAVE_SYS_STAT_H 1
#define HAVE_STDLIB_H 1
#define HAVE_STRING_H 1
#define HAVE_MEMORY_H 1
#define HAVE_STRINGS_H 1
#define HAVE_INTTYPES_H 1
#define HAVE_STDINT_H 1
#define HAVE_UNISTD_H 1
#define HAVE_DLFCN_H 1
#define LT_OBJDIR ".libs/"
#define STDC_HEADERS 1
#define RETSIGTYPE void
#define HAVE_LONG_LONG 1
#define SIZEOF_LONG_LONG 8
#define SIZEOF_LONG 8
#define HAVE_POPEN 1
#define HAVE_PERROR 1
#define HAVE_SNPRINTF 1
#define HAVE_LIBLAPACK 1
#define HAVE_LIBBLAS 1
#define WITH_LAPACK /**/
#define HAVE_LIBM 1
#define HAVE_PTHREAD_H 1
#define HAVE_LIBPTHREAD 1
#define ENABLE_THREADS /**/
#define HAVE_PYTHON "3.6"

configure: exit 0
